Determining if the pthread_create exist failed with the following output:
Change Dir: /home/serg/projects/lab12/_build/CMakeFiles/CMakeTmp

Run Build Command:"/usr/bin/make" "cmTC_2912f/fast"
/usr/bin/make -f CMakeFiles/cmTC_2912f.dir/build.make CMakeFiles/cmTC_2912f.dir/build
make[1]: вход в каталог «/home/serg/projects/lab12/_build/CMakeFiles/CMakeTmp»
Building C object CMakeFiles/cmTC_2912f.dir/CheckSymbolExists.c.o
/usr/bin/cc    -o CMakeFiles/cmTC_2912f.dir/CheckSymbolExists.c.o   -c /home/serg/projects/lab12/_build/CMakeFiles/CMakeTmp/CheckSymbolExists.c
Linking C executable cmTC_2912f
/usr/local/bin/cmake -E cmake_link_script CMakeFiles/cmTC_2912f.dir/link.txt --verbose=1
/usr/bin/cc      -rdynamic CMakeFiles/cmTC_2912f.dir/CheckSymbolExists.c.o  -o cmTC_2912f 
CMakeFiles/cmTC_2912f.dir/CheckSymbolExists.c.o: In function `main':
CheckSymbolExists.c:(.text+0x16): undefined reference to `pthread_create'
collect2: error: ld returned 1 exit status
CMakeFiles/cmTC_2912f.dir/build.make:97: ошибка выполнения рецепта для цели «cmTC_2912f»
make[1]: *** [cmTC_2912f] Ошибка 1
make[1]: выход из каталога «/home/serg/projects/lab12/_build/CMakeFiles/CMakeTmp»
Makefile:126: ошибка выполнения рецепта для цели «cmTC_2912f/fast»
make: *** [cmTC_2912f/fast] Ошибка 2

File /home/serg/projects/lab12/_build/CMakeFiles/CMakeTmp/CheckSymbolExists.c:
/* */
#include <pthread.h>

int main(int argc, char** argv)
{
  (void)argv;
#ifndef pthread_create
  return ((int*)(&pthread_create))[argc];
#else
  (void)argc;
  return 0;
#endif
}

Determining if the function pthread_create exists in the pthreads failed with the following output:
Change Dir: /home/serg/projects/lab12/_build/CMakeFiles/CMakeTmp

Run Build Command:"/usr/bin/make" "cmTC_3a7df/fast"
/usr/bin/make -f CMakeFiles/cmTC_3a7df.dir/build.make CMakeFiles/cmTC_3a7df.dir/build
make[1]: вход в каталог «/home/serg/projects/lab12/_build/CMakeFiles/CMakeTmp»
Building C object CMakeFiles/cmTC_3a7df.dir/CheckFunctionExists.c.o
/usr/bin/cc   -DCHECK_FUNCTION_EXISTS=pthread_create   -o CMakeFiles/cmTC_3a7df.dir/CheckFunctionExists.c.o   -c /usr/local/share/cmake-3.9/Modules/CheckFunctionExists.c
Linking C executable cmTC_3a7df
/usr/local/bin/cmake -E cmake_link_script CMakeFiles/cmTC_3a7df.dir/link.txt --verbose=1
/usr/bin/cc  -DCHECK_FUNCTION_EXISTS=pthread_create    -rdynamic CMakeFiles/cmTC_3a7df.dir/CheckFunctionExists.c.o  -o cmTC_3a7df -lpthreads 
/usr/bin/ld: cannot find -lpthreads
collect2: error: ld returned 1 exit status
CMakeFiles/cmTC_3a7df.dir/build.make:97: ошибка выполнения рецепта для цели «cmTC_3a7df»
make[1]: *** [cmTC_3a7df] Ошибка 1
make[1]: выход из каталога «/home/serg/projects/lab12/_build/CMakeFiles/CMakeTmp»
Makefile:126: ошибка выполнения рецепта для цели «cmTC_3a7df/fast»
make: *** [cmTC_3a7df/fast] Ошибка 2


